Running: /opt/Xilinx/14.7/ISE_DS/ISE/bin/lin64/unwrapped/fuse -intstyle ise -incremental -lib secureip -o /home/pamir/Desktop/vhdl_MSCV_M2/projects/imFilteringUsingVhdl/tb_dffChain_isim_beh.exe -prj /home/pamir/Desktop/vhdl_MSCV_M2/projects/imFilteringUsingVhdl/tb_dffChain_beh.prj work.tb_dffChain 
ISim P.20131013 (signature 0xfbc00daa)
Number of CPUs detected in this system: 4
Turning on mult-threading, number of parallel sub-compilation jobs: 8 
Determining compilation order of HDL files
Parsing VHDL file "/home/pamir/Desktop/vhdl_MSCV_M2/projects/imFilteringUsingVhdl/ipcore_dir/fifo_jd.vhd" into library work
Parsing VHDL file "/home/pamir/Desktop/vhdl_MSCV_M2/projects/imFilteringUsingVhdl/dGenFlipFlop.vhd" into library work
Parsing VHDL file "/home/pamir/Desktop/vhdl_MSCV_M2/projects/imFilteringUsingVhdl/DffChain.vhd" into library work
Parsing VHDL file "/home/pamir/Desktop/vhdl_MSCV_M2/projects/imFilteringUsingVhdl/tb_dffChain.vhd" into library work
Starting static elaboration
Completed static elaboration
Fuse Memory Usage: 102504 KB
Fuse CPU Usage: 1170 ms
Compiling package standard
Compiling package std_logic_1164
Compiling package numeric_std
Compiling package textio
Compiling package std_logic_textio
Compiling architecture arch of entity dGenFlipFlop [\dGenFlipFlop(8)\]
Compiling package std_logic_arith
Compiling package std_logic_unsigned
Compiling architecture behavioral of entity fifo_generator_v9_3_bhv_ss [\fifo_generator_v9_3_bhv_ss(10,8...]
Compiling architecture behavioral of entity fifo_generator_v9_3_conv [\fifo_generator_v9_3_conv(1,0,10...]
Compiling architecture behavioral of entity fifo_generator_v9_3 [\fifo_generator_v9_3(1,0,10,"Bla...]
Compiling architecture fifo_jd_a of entity fifo_jd [fifo_jd_default]
Compiling architecture dffchain_arch of entity DffChain [\DffChain(8)\]
Compiling architecture behavior of entity tb_dffchain
Time Resolution for simulation is 1ps.
Waiting for 1 sub-compilation(s) to finish...
Compiled 20 VHDL Units
Built simulation executable /home/pamir/Desktop/vhdl_MSCV_M2/projects/imFilteringUsingVhdl/tb_dffChain_isim_beh.exe
Fuse Memory Usage: 682312 KB
Fuse CPU Usage: 1340 ms
GCC CPU Usage: 740 ms
